e:\qnap.sync\70 peridynamic\include\umf\umf_demo\debug\umf_demo.pch
e:\qnap.sync\70 peridynamic\include\umf\umf_demo\debug\umf_demo.pdb
e:\qnap.sync\70 peridynamic\include\umf\umf_demo\debug\umf_demo.idb
e:\qnap.sync\70 peridynamic\include\umf\umf_demo\debug\stdafx.obj
e:\qnap.sync\70 peridynamic\include\umf\umf_demo\debug\umfpack_qsymbolic.obj
e:\qnap.sync\70 peridynamic\include\umf\umf_demo\debug\umfpack_report_control.obj
e:\qnap.sync\70 peridynamic\include\umf\umf_demo\debug\umfpack_report_info.obj
e:\qnap.sync\70 peridynamic\include\umf\umf_demo\debug\umfpack_report_matrix.obj
e:\qnap.sync\70 peridynamic\include\umf\umf_demo\debug\umfpack_report_numeric.obj
e:\qnap.sync\70 peridynamic\include\umf\umf_demo\debug\umfpack_report_perm.obj
e:\qnap.sync\70 peridynamic\include\umf\umf_demo\debug\umfpack_report_status.obj
e:\qnap.sync\70 peridynamic\include\umf\umf_demo\debug\umfpack_report_symbolic.obj
e:\qnap.sync\70 peridynamic\include\umf\umf_demo\debug\umfpack_report_triplet.obj
e:\qnap.sync\70 peridynamic\include\umf\umf_demo\debug\umfpack_report_vector.obj
e:\qnap.sync\70 peridynamic\include\umf\umf_demo\debug\umfpack_save_numeric.obj
e:\qnap.sync\70 peridynamic\include\umf\umf_demo\debug\umfpack_save_symbolic.obj
e:\qnap.sync\70 peridynamic\include\umf\umf_demo\debug\umfpack_scale.obj
e:\qnap.sync\70 peridynamic\include\umf\umf_demo\debug\umfpack_solve.obj
e:\qnap.sync\70 peridynamic\include\umf\umf_demo\debug\umfpack_symbolic.obj
e:\qnap.sync\70 peridynamic\include\umf\umf_demo\debug\umfpack_tictoc.obj
e:\qnap.sync\70 peridynamic\include\umf\umf_demo\debug\umfpack_timer.obj
e:\qnap.sync\70 peridynamic\include\umf\umf_demo\debug\umfpack_transpose.obj
e:\qnap.sync\70 peridynamic\include\umf\umf_demo\debug\umfpack_triplet_to_col.obj
e:\qnap.sync\70 peridynamic\include\umf\umf_demo\debug\xerbla.obj
e:\qnap.sync\70 peridynamic\include\umf\umf_demo\debug\umf_symbolic_usage.obj
e:\qnap.sync\70 peridynamic\include\umf\umf_demo\debug\umf_transpose.obj
e:\qnap.sync\70 peridynamic\include\umf\umf_demo\debug\umf_triplet.obj
e:\qnap.sync\70 peridynamic\include\umf\umf_demo\debug\umf_tuple_lengths.obj
e:\qnap.sync\70 peridynamic\include\umf\umf_demo\debug\umf_usolve.obj
e:\qnap.sync\70 peridynamic\include\umf\umf_demo\debug\umf_utsolve.obj
e:\qnap.sync\70 peridynamic\include\umf\umf_demo\debug\umf_valid_numeric.obj
e:\qnap.sync\70 peridynamic\include\umf\umf_demo\debug\umf_valid_symbolic.obj
e:\qnap.sync\70 peridynamic\include\umf\umf_demo\debug\umfpack_col_to_triplet.obj
e:\qnap.sync\70 peridynamic\include\umf\umf_demo\debug\umfpack_defaults.obj
e:\qnap.sync\70 peridynamic\include\umf\umf_demo\debug\umfpack_free_numeric.obj
e:\qnap.sync\70 peridynamic\include\umf\umf_demo\debug\umfpack_free_symbolic.obj
e:\qnap.sync\70 peridynamic\include\umf\umf_demo\debug\umfpack_get_determinant.obj
e:\qnap.sync\70 peridynamic\include\umf\umf_demo\debug\umfpack_get_lunz.obj
e:\qnap.sync\70 peridynamic\include\umf\umf_demo\debug\umfpack_get_numeric.obj
e:\qnap.sync\70 peridynamic\include\umf\umf_demo\debug\umfpack_get_symbolic.obj
e:\qnap.sync\70 peridynamic\include\umf\umf_demo\debug\umfpack_global.obj
e:\qnap.sync\70 peridynamic\include\umf\umf_demo\debug\umfpack_load_numeric.obj
e:\qnap.sync\70 peridynamic\include\umf\umf_demo\debug\umfpack_load_symbolic.obj
e:\qnap.sync\70 peridynamic\include\umf\umf_demo\debug\umfpack_numeric.obj
e:\qnap.sync\70 peridynamic\include\umf\umf_demo\debug\umf_lsolve.obj
e:\qnap.sync\70 peridynamic\include\umf\umf_demo\debug\umf_ltsolve.obj
e:\qnap.sync\70 peridynamic\include\umf\umf_demo\debug\umf_malloc.obj
e:\qnap.sync\70 peridynamic\include\umf\umf_demo\debug\umf_mem_alloc_element.obj
e:\qnap.sync\70 peridynamic\include\umf\umf_demo\debug\umf_mem_alloc_head_block.obj
e:\qnap.sync\70 peridynamic\include\umf\umf_demo\debug\umf_mem_alloc_tail_block.obj
e:\qnap.sync\70 peridynamic\include\umf\umf_demo\debug\umf_mem_free_tail_block.obj
e:\qnap.sync\70 peridynamic\include\umf\umf_demo\debug\umf_mem_init_memoryspace.obj
e:\qnap.sync\70 peridynamic\include\umf\umf_demo\debug\umf_multicompile.obj
e:\qnap.sync\70 peridynamic\include\umf\umf_demo\debug\umf_realloc.obj
e:\qnap.sync\70 peridynamic\include\umf\umf_demo\debug\umf_report_perm.obj
e:\qnap.sync\70 peridynamic\include\umf\umf_demo\debug\umf_report_vector.obj
e:\qnap.sync\70 peridynamic\include\umf\umf_demo\debug\umf_row_search.obj
e:\qnap.sync\70 peridynamic\include\umf\umf_demo\debug\umf_scale.obj
e:\qnap.sync\70 peridynamic\include\umf\umf_demo\debug\umf_scale_column.obj
e:\qnap.sync\70 peridynamic\include\umf\umf_demo\debug\umf_set_stats.obj
e:\qnap.sync\70 peridynamic\include\umf\umf_demo\debug\umf_singletons.obj
e:\qnap.sync\70 peridynamic\include\umf\umf_demo\debug\umf_solve.obj
e:\qnap.sync\70 peridynamic\include\umf\umf_demo\debug\umf_start_front.obj
e:\qnap.sync\70 peridynamic\include\umf\umf_demo\debug\umf_store_lu.obj
e:\qnap.sync\70 peridynamic\include\umf\umf_demo\debug\umf_apply_order.obj
e:\qnap.sync\70 peridynamic\include\umf\umf_demo\debug\umf_assemble.obj
e:\qnap.sync\70 peridynamic\include\umf\umf_demo\debug\umf_blas3_update.obj
e:\qnap.sync\70 peridynamic\include\umf\umf_demo\debug\umf_build_tuples.obj
e:\qnap.sync\70 peridynamic\include\umf\umf_demo\debug\umf_cholmod.obj
e:\qnap.sync\70 peridynamic\include\umf\umf_demo\debug\umf_colamd.obj
e:\qnap.sync\70 peridynamic\include\umf\umf_demo\debug\umf_create_element.obj
e:\qnap.sync\70 peridynamic\include\umf\umf_demo\debug\umf_dump.obj
e:\qnap.sync\70 peridynamic\include\umf\umf_demo\debug\umf_extend_front.obj
e:\qnap.sync\70 peridynamic\include\umf\umf_demo\debug\umf_free.obj
e:\qnap.sync\70 peridynamic\include\umf\umf_demo\debug\umf_fsize.obj
e:\qnap.sync\70 peridynamic\include\umf\umf_demo\debug\umf_garbage_collection.obj
e:\qnap.sync\70 peridynamic\include\umf\umf_demo\debug\umf_get_memory.obj
e:\qnap.sync\70 peridynamic\include\umf\umf_demo\debug\umf_grow_front.obj
e:\qnap.sync\70 peridynamic\include\umf\umf_demo\debug\umf_init_front.obj
e:\qnap.sync\70 peridynamic\include\umf\umf_demo\debug\umf_is_permutation.obj
e:\qnap.sync\70 peridynamic\include\umf\umf_demo\debug\umf_kernel.obj
e:\qnap.sync\70 peridynamic\include\umf\umf_demo\debug\umf_kernel_init.obj
e:\qnap.sync\70 peridynamic\include\umf\umf_demo\debug\umf_kernel_wrapup.obj
e:\qnap.sync\70 peridynamic\include\umf\umf_demo\debug\umf_local_search.obj
e:\qnap.sync\70 peridynamic\include\umf\umf_demo\debug\amd_1.obj
e:\qnap.sync\70 peridynamic\include\umf\umf_demo\debug\amd_2.obj
e:\qnap.sync\70 peridynamic\include\umf\umf_demo\debug\amd_aat.obj
e:\qnap.sync\70 peridynamic\include\umf\umf_demo\debug\amd_control.obj
e:\qnap.sync\70 peridynamic\include\umf\umf_demo\debug\amd_defaults.obj
e:\qnap.sync\70 peridynamic\include\umf\umf_demo\debug\amd_dump.obj
e:\qnap.sync\70 peridynamic\include\umf\umf_demo\debug\amd_global.obj
e:\qnap.sync\70 peridynamic\include\umf\umf_demo\debug\amd_info.obj
e:\qnap.sync\70 peridynamic\include\umf\umf_demo\debug\amd_order.obj
e:\qnap.sync\70 peridynamic\include\umf\umf_demo\debug\amd_post_tree.obj
e:\qnap.sync\70 peridynamic\include\umf\umf_demo\debug\amd_postorder.obj
e:\qnap.sync\70 peridynamic\include\umf\umf_demo\debug\amd_preprocess.obj
e:\qnap.sync\70 peridynamic\include\umf\umf_demo\debug\amd_valid.obj
e:\qnap.sync\70 peridynamic\include\umf\umf_demo\debug\suitesparse_config.obj
e:\qnap.sync\70 peridynamic\include\umf\umf_demo\debug\umf_analyze.obj
e:\qnap.sync\70 peridynamic\include\umf\umf_demo\debug\umf_demo.obj
e:\qnap.sync\70 peridynamic\include\umf\umf_demo\debug\umf_demo.lib
e:\qnap.sync\70 peridynamic\include\umf\umf_demo\debug\umf_demo.tlog\cl.command.1.tlog
e:\qnap.sync\70 peridynamic\include\umf\umf_demo\debug\umf_demo.tlog\cl.read.1.tlog
e:\qnap.sync\70 peridynamic\include\umf\umf_demo\debug\umf_demo.tlog\cl.write.1.tlog
e:\qnap.sync\70 peridynamic\include\umf\umf_demo\debug\umf_demo.tlog\lib-link.read.1.tlog
e:\qnap.sync\70 peridynamic\include\umf\umf_demo\debug\umf_demo.tlog\lib-link.write.1.tlog
e:\qnap.sync\70 peridynamic\include\umf\umf_demo\debug\umf_demo.tlog\lib.command.1.tlog
