  stdafx.cpp
  xerbla.c
  umfpack_triplet_to_col.c
  umfpack_transpose.c
  umfpack_timer.c
  umfpack_tictoc.c
  umfpack_symbolic.c
  umfpack_solve.c
e:\qnap.sync\70 peridynamic\include\umf\umfpack\source\umfpack_solve.c(102): warning C4244: “=”: 从“const double”转换到“int”，可能丢失数据
  umfpack_scale.c
  umfpack_save_symbolic.c
e:\qnap.sync\70 peridynamic\include\umf\umfpack\source\umfpack_save_symbolic.c(61): warning C4996: 'fopen': This function or variable may be unsafe. Consider using fopen_s instead. To disable deprecation, use _CRT_SECURE_NO_WARNINGS. See online help for details.
  c:\program files (x86)\windows kits\10\include\10.0.10240.0\ucrt\stdio.h(205): note: 参见“fopen”的声明
  umfpack_save_numeric.c
e:\qnap.sync\70 peridynamic\include\umf\umfpack\source\umfpack_save_numeric.c(61): warning C4996: 'fopen': This function or variable may be unsafe. Consider using fopen_s instead. To disable deprecation, use _CRT_SECURE_NO_WARNINGS. See online help for details.
  c:\program files (x86)\windows kits\10\include\10.0.10240.0\ucrt\stdio.h(205): note: 参见“fopen”的声明
  umfpack_report_vector.c
e:\qnap.sync\70 peridynamic\include\umf\umfpack\source\umfpack_report_vector.c(34): warning C4244: “=”: 从“const double”转换到“int”，可能丢失数据
  umfpack_report_triplet.c
e:\qnap.sync\70 peridynamic\include\umf\umfpack\source\umfpack_report_triplet.c(37): warning C4244: “=”: 从“const double”转换到“int”，可能丢失数据
  umfpack_report_symbolic.c
e:\qnap.sync\70 peridynamic\include\umf\umfpack\source\umfpack_report_symbolic.c(38): warning C4244: “=”: 从“const double”转换到“int”，可能丢失数据
  umfpack_report_status.c
e:\qnap.sync\70 peridynamic\include\umf\umfpack\source\umfpack_report_status.c(29): warning C4244: “=”: 从“const double”转换到“int”，可能丢失数据
  umfpack_report_perm.c
e:\qnap.sync\70 peridynamic\include\umf\umfpack\source\umfpack_report_perm.c(32): warning C4244: “=”: 从“const double”转换到“int”，可能丢失数据
  umfpack_report_numeric.c
e:\qnap.sync\70 peridynamic\include\umf\umfpack\source\umfpack_report_numeric.c(57): warning C4244: “=”: 从“const double”转换到“int”，可能丢失数据
  umfpack_report_matrix.c
e:\qnap.sync\70 peridynamic\include\umf\umfpack\source\umfpack_report_matrix.c(42): warning C4244: “=”: 从“const double”转换到“int”，可能丢失数据
  umfpack_report_info.c
e:\qnap.sync\70 peridynamic\include\umf\umfpack\source\umfpack_report_info.c(90): warning C4244: “=”: 从“const double”转换到“int”，可能丢失数据
e:\qnap.sync\70 peridynamic\include\umf\umfpack\source\umfpack_report_info.c(192): warning C4244: “=”: 从“const double”转换到“int”，可能丢失数据
e:\qnap.sync\70 peridynamic\include\umf\umfpack\source\umfpack_report_info.c(283): warning C4244: “=”: 从“const double”转换到“int”，可能丢失数据
  umfpack_report_control.c
e:\qnap.sync\70 peridynamic\include\umf\umfpack\source\umfpack_report_control.c(27): warning C4244: “=”: 从“const double”转换到“int”，可能丢失数据
e:\qnap.sync\70 peridynamic\include\umf\umfpack\source\umfpack_report_control.c(99): warning C4244: “=”: 从“const double”转换到“int”，可能丢失数据
e:\qnap.sync\70 peridynamic\include\umf\umfpack\source\umfpack_report_control.c(108): warning C4244: “=”: 从“const double”转换到“int”，可能丢失数据
e:\qnap.sync\70 peridynamic\include\umf\umfpack\source\umfpack_report_control.c(140): warning C4244: “=”: 从“const double”转换到“int”，可能丢失数据
e:\qnap.sync\70 peridynamic\include\umf\umfpack\source\umfpack_report_control.c(180): warning C4244: “=”: 从“const double”转换到“int”，可能丢失数据
e:\qnap.sync\70 peridynamic\include\umf\umfpack\source\umfpack_report_control.c(203): warning C4244: “=”: 从“double”转换到“int”，可能丢失数据
e:\qnap.sync\70 peridynamic\include\umf\umfpack\source\umfpack_report_control.c(213): warning C4244: “=”: 从“const double”转换到“int”，可能丢失数据
e:\qnap.sync\70 peridynamic\include\umf\umfpack\source\umfpack_report_control.c(271): warning C4244: “=”: 从“const double”转换到“int”，可能丢失数据
e:\qnap.sync\70 peridynamic\include\umf\umfpack\source\umfpack_report_control.c(305): warning C4244: “=”: 从“double”转换到“int”，可能丢失数据
  umfpack_qsymbolic.c
e:\qnap.sync\70 peridynamic\include\umf\umfpack\source\umfpack_qsymbolic.c(480): warning C4244: “=”: 从“double”转换到“int”，可能丢失数据
e:\qnap.sync\70 peridynamic\include\umf\umfpack\source\umfpack_qsymbolic.c(749): warning C4244: “=”: 从“const double”转换到“int”，可能丢失数据
e:\qnap.sync\70 peridynamic\include\umf\umfpack\source\umfpack_qsymbolic.c(750): warning C4244: “=”: 从“const double”转换到“int”，可能丢失数据
e:\qnap.sync\70 peridynamic\include\umf\umfpack\source\umfpack_qsymbolic.c(752): warning C4244: “=”: 从“const double”转换到“int”，可能丢失数据
e:\qnap.sync\70 peridynamic\include\umf\umfpack\source\umfpack_qsymbolic.c(759): warning C4244: “=”: 从“const double”转换到“int”，可能丢失数据
e:\qnap.sync\70 peridynamic\include\umf\umfpack\source\umfpack_qsymbolic.c(762): warning C4244: “=”: 从“const double”转换到“int”，可能丢失数据
e:\qnap.sync\70 peridynamic\include\umf\umfpack\source\umfpack_qsymbolic.c(925): warning C4244: “=”: 从“double”转换到“int”，可能丢失数据
  正在生成代码...
  正在编译...
  umfpack_numeric.c
e:\qnap.sync\70 peridynamic\include\umf\umfpack\source\umfpack_numeric.c(118): warning C4244: “=”: 从“const double”转换到“int”，可能丢失数据
  umfpack_load_symbolic.c
e:\qnap.sync\70 peridynamic\include\umf\umfpack\source\umfpack_load_symbolic.c(71): warning C4996: 'fopen': This function or variable may be unsafe. Consider using fopen_s instead. To disable deprecation, use _CRT_SECURE_NO_WARNINGS. See online help for details.
  c:\program files (x86)\windows kits\10\include\10.0.10240.0\ucrt\stdio.h(205): note: 参见“fopen”的声明
  umfpack_load_numeric.c
e:\qnap.sync\70 peridynamic\include\umf\umfpack\source\umfpack_load_numeric.c(71): warning C4996: 'fopen': This function or variable may be unsafe. Consider using fopen_s instead. To disable deprecation, use _CRT_SECURE_NO_WARNINGS. See online help for details.
  c:\program files (x86)\windows kits\10\include\10.0.10240.0\ucrt\stdio.h(205): note: 参见“fopen”的声明
  umfpack_global.c
  umfpack_get_symbolic.c
  umfpack_get_numeric.c
e:\qnap.sync\70 peridynamic\include\umf\umfpack\source\umfpack_get_numeric.c(366): warning C4068: 未知的杂注
e:\qnap.sync\70 peridynamic\include\umf\umfpack\source\umfpack_get_numeric.c(372): warning C4068: 未知的杂注
  umfpack_get_lunz.c
  umfpack_get_determinant.c
  umfpack_free_symbolic.c
  umfpack_free_numeric.c
  umfpack_defaults.c
  umfpack_col_to_triplet.c
  umf_valid_symbolic.c
  umf_valid_numeric.c
  umf_utsolve.c
  umf_usolve.c
  umf_tuple_lengths.c
  umf_triplet.c
  umf_transpose.c
  umf_symbolic_usage.c
  正在生成代码...
  正在编译...
  umf_store_lu.c
  umf_start_front.c
e:\qnap.sync\70 peridynamic\include\umf\umfpack\source\umf_start_front.c(161): warning C4244: “=”: 从“double”转换到“int”，可能丢失数据
e:\qnap.sync\70 peridynamic\include\umf\umfpack\source\umf_start_front.c(173): warning C4244: “=”: 从“double”转换到“int”，可能丢失数据
  umf_solve.c
  umf_singletons.c
  umf_set_stats.c
  umf_scale_column.c
e:\qnap.sync\70 peridynamic\include\umf\umfpack\source\umf_scale_column.c(33): warning C4068: 未知的杂注
e:\qnap.sync\70 peridynamic\include\umf\umfpack\source\umf_scale_column.c(160): warning C4068: 未知的杂注
e:\qnap.sync\70 peridynamic\include\umf\umfpack\source\umf_scale_column.c(175): warning C4068: 未知的杂注
e:\qnap.sync\70 peridynamic\include\umf\umfpack\source\umf_scale_column.c(235): warning C4068: 未知的杂注
e:\qnap.sync\70 peridynamic\include\umf\umfpack\source\umf_scale_column.c(249): warning C4068: 未知的杂注
e:\qnap.sync\70 peridynamic\include\umf\umfpack\source\umf_scale_column.c(261): warning C4068: 未知的杂注
e:\qnap.sync\70 peridynamic\include\umf\umfpack\source\umf_scale_column.c(304): warning C4068: 未知的杂注
e:\qnap.sync\70 peridynamic\include\umf\umfpack\source\umf_scale_column.c(318): warning C4068: 未知的杂注
  umf_scale.c
  umf_row_search.c
  umf_report_vector.c
  umf_report_perm.c
  umf_realloc.c
  umf_multicompile.c
e:\qnap.sync\70 peridynamic\include\umf\umfpack\source\umf_assemble.c(115): warning C4068: 未知的杂注
e:\qnap.sync\70 peridynamic\include\umf\umfpack\source\umf_assemble.c(135): warning C4068: 未知的杂注
e:\qnap.sync\70 peridynamic\include\umf\umfpack\source\umf_assemble.c(266): warning C4068: 未知的杂注
e:\qnap.sync\70 peridynamic\include\umf\umfpack\source\umf_assemble.c(282): warning C4068: 未知的杂注
e:\qnap.sync\70 peridynamic\include\umf\umfpack\source\umf_assemble.c(642): warning C4068: 未知的杂注
e:\qnap.sync\70 peridynamic\include\umf\umfpack\source\umf_assemble.c(663): warning C4068: 未知的杂注
e:\qnap.sync\70 peridynamic\include\umf\umfpack\source\umf_assemble.c(689): warning C4068: 未知的杂注
e:\qnap.sync\70 peridynamic\include\umf\umfpack\source\umf_assemble.c(736): warning C4068: 未知的杂注
e:\qnap.sync\70 peridynamic\include\umf\umfpack\source\umf_assemble.c(761): warning C4068: 未知的杂注
e:\qnap.sync\70 peridynamic\include\umf\umfpack\source\umf_assemble.c(820): warning C4068: 未知的杂注
e:\qnap.sync\70 peridynamic\include\umf\umfpack\source\umf_assemble.c(838): warning C4068: 未知的杂注
e:\qnap.sync\70 peridynamic\include\umf\umfpack\source\umf_assemble.c(884): warning C4068: 未知的杂注
e:\qnap.sync\70 peridynamic\include\umf\umfpack\source\umf_assemble.c(968): warning C4068: 未知的杂注
e:\qnap.sync\70 peridynamic\include\umf\umfpack\source\umf_assemble.c(995): warning C4068: 未知的杂注
e:\qnap.sync\70 peridynamic\include\umf\umfpack\source\umfpack_solve.c(102): warning C4244: “=”: 从“const double”转换到“int”，可能丢失数据
  umf_mem_init_memoryspace.c
  umf_mem_free_tail_block.c
  umf_mem_alloc_tail_block.c
  umf_mem_alloc_head_block.c
  umf_mem_alloc_element.c
  umf_malloc.c
  umf_ltsolve.c
  umf_lsolve.c
  正在生成代码...
  正在编译...
  umf_local_search.c
e:\qnap.sync\70 peridynamic\include\umf\umfpack\source\umf_local_search.c(487): warning C4068: 未知的杂注
e:\qnap.sync\70 peridynamic\include\umf\umfpack\source\umf_local_search.c(521): warning C4068: 未知的杂注
  umf_kernel_wrapup.c
  umf_kernel_init.c
  umf_kernel.c
  umf_is_permutation.c
  umf_init_front.c
e:\qnap.sync\70 peridynamic\include\umf\umfpack\source\umf_init_front.c(67): warning C4244: “=”: 从“double”转换到“int”，可能丢失数据
e:\qnap.sync\70 peridynamic\include\umf\umfpack\source\umf_init_front.c(68): warning C4244: “=”: 从“double”转换到“int”，可能丢失数据
  umf_grow_front.c
e:\qnap.sync\70 peridynamic\include\umf\umfpack\source\umf_grow_front.c(116): warning C4244: “=”: 从“double”转换到“int”，可能丢失数据
e:\qnap.sync\70 peridynamic\include\umf\umfpack\source\umf_grow_front.c(117): warning C4244: “=”: 从“double”转换到“int”，可能丢失数据
e:\qnap.sync\70 peridynamic\include\umf\umfpack\source\umf_grow_front.c(189): warning C4244: “=”: 从“double”转换到“int”，可能丢失数据
e:\qnap.sync\70 peridynamic\include\umf\umfpack\source\umf_grow_front.c(190): warning C4244: “=”: 从“double”转换到“int”，可能丢失数据
  umf_get_memory.c
  umf_garbage_collection.c
  umf_fsize.c
  umf_free.c
  umf_extend_front.c
e:\qnap.sync\70 peridynamic\include\umf\umfpack\source\umf_extend_front.c(34): warning C4068: 未知的杂注
e:\qnap.sync\70 peridynamic\include\umf\umfpack\source\umf_extend_front.c(48): warning C4068: 未知的杂注
e:\qnap.sync\70 peridynamic\include\umf\umfpack\source\umf_extend_front.c(62): warning C4068: 未知的杂注
e:\qnap.sync\70 peridynamic\include\umf\umfpack\source\umf_extend_front.c(76): warning C4068: 未知的杂注
e:\qnap.sync\70 peridynamic\include\umf\umfpack\source\umf_extend_front.c(129): warning C4244: “=”: 从“double”转换到“int”，可能丢失数据
e:\qnap.sync\70 peridynamic\include\umf\umfpack\source\umf_extend_front.c(130): warning C4244: “=”: 从“double”转换到“int”，可能丢失数据
  umf_dump.c
  umf_create_element.c
e:\qnap.sync\70 peridynamic\include\umf\umfpack\source\umf_create_element.c(30): warning C4068: 未知的杂注
e:\qnap.sync\70 peridynamic\include\umf\umfpack\source\umf_create_element.c(99): warning C4068: 未知的杂注
e:\qnap.sync\70 peridynamic\include\umf\umfpack\source\umf_create_element.c(112): warning C4068: 未知的杂注
e:\qnap.sync\70 peridynamic\include\umf\umfpack\source\umf_create_element.c(136): warning C4068: 未知的杂注
e:\qnap.sync\70 peridynamic\include\umf\umfpack\source\umf_create_element.c(157): warning C4068: 未知的杂注
e:\qnap.sync\70 peridynamic\include\umf\umfpack\source\umf_create_element.c(175): warning C4068: 未知的杂注
e:\qnap.sync\70 peridynamic\include\umf\umfpack\source\umf_create_element.c(184): warning C4068: 未知的杂注
e:\qnap.sync\70 peridynamic\include\umf\umfpack\source\umf_create_element.c(286): warning C4068: 未知的杂注
e:\qnap.sync\70 peridynamic\include\umf\umfpack\source\umf_create_element.c(291): warning C4068: 未知的杂注
  umf_colamd.c
  umf_cholmod.c
  umf_build_tuples.c
  umf_blas3_update.c
e:\qnap.sync\70 peridynamic\include\umf\umfpack\source\umf_blas3_update.c(80): warning C4068: 未知的杂注
e:\qnap.sync\70 peridynamic\include\umf\umfpack\source\umf_blas3_update.c(116): warning C4068: 未知的杂注
e:\qnap.sync\70 peridynamic\include\umf\umfpack\source\umf_blas3_update.c(151): warning C4068: 未知的杂注
  umf_assemble.c
e:\qnap.sync\70 peridynamic\include\umf\umfpack\source\umf_assemble.c(115): warning C4068: 未知的杂注
e:\qnap.sync\70 peridynamic\include\umf\umfpack\source\umf_assemble.c(135): warning C4068: 未知的杂注
e:\qnap.sync\70 peridynamic\include\umf\umfpack\source\umf_assemble.c(266): warning C4068: 未知的杂注
e:\qnap.sync\70 peridynamic\include\umf\umfpack\source\umf_assemble.c(282): warning C4068: 未知的杂注
e:\qnap.sync\70 peridynamic\include\umf\umfpack\source\umf_assemble.c(642): warning C4068: 未知的杂注
e:\qnap.sync\70 peridynamic\include\umf\umfpack\source\umf_assemble.c(663): warning C4068: 未知的杂注
e:\qnap.sync\70 peridynamic\include\umf\umfpack\source\umf_assemble.c(689): warning C4068: 未知的杂注
e:\qnap.sync\70 peridynamic\include\umf\umfpack\source\umf_assemble.c(736): warning C4068: 未知的杂注
e:\qnap.sync\70 peridynamic\include\umf\umfpack\source\umf_assemble.c(761): warning C4068: 未知的杂注
e:\qnap.sync\70 peridynamic\include\umf\umfpack\source\umf_assemble.c(820): warning C4068: 未知的杂注
e:\qnap.sync\70 peridynamic\include\umf\umfpack\source\umf_assemble.c(838): warning C4068: 未知的杂注
e:\qnap.sync\70 peridynamic\include\umf\umfpack\source\umf_assemble.c(884): warning C4068: 未知的杂注
e:\qnap.sync\70 peridynamic\include\umf\umfpack\source\umf_assemble.c(968): warning C4068: 未知的杂注
e:\qnap.sync\70 peridynamic\include\umf\umfpack\source\umf_assemble.c(995): warning C4068: 未知的杂注
  umf_apply_order.c
  正在生成代码...
  正在编译...
  umf_analyze.c
e:\qnap.sync\70 peridynamic\include\umf\umfpack\source\umf_analyze.c(93): warning C4068: 未知的杂注
e:\qnap.sync\70 peridynamic\include\umf\umfpack\source\umf_analyze.c(580): warning C4068: 未知的杂注
  SuiteSparse_config.c
  amd_valid.c
  amd_preprocess.c
  amd_postorder.c
  amd_post_tree.c
  amd_order.c
  amd_info.c
  amd_global.c
  amd_dump.c
  amd_defaults.c
  amd_control.c
  amd_aat.c
  amd_2.c
e:\qnap.sync\70 peridynamic\include\umf\amd\source\amd_2.c(603): warning C4244: “=”: 从“double”转换到“int”，可能丢失数据
  amd_1.c
  正在生成代码...
  umf_demo.cpp
  umf_demo.vcxproj -> E:\QNAP.SYNC\70 PERIDYNAMIC\include\umf\umf_demo\Debug\umf_demo.lib
